Arguments: 
  /Users/yish/.nvm/versions/node/v11.10.0/bin/node /usr/local/Cellar/yarn/1.16.0/libexec/bin/yarn.js init --f

PATH: 
  /Users/yish/.nvm/versions/node/v11.10.0/bin:/Users/yish/.composer/vendor/bin:/usr/local/bin:/usr/bin:/bin:/usr/sbin:/sbin:/opt/yarn-0.27.5/bin:/Users/yish/flutter/bin

Yarn version: 
  1.16.0

Node version: 
  11.10.0

Platform: 
  darwin x64

Trace: 
  Error: canceled
      at Interface.<anonymous> (/usr/local/Cellar/yarn/1.16.0/libexec/lib/cli.js:125850:13)
      at Interface.emit (events.js:197:13)
      at Interface._ttyWrite (readline.js:799:16)
      at ReadStream.onkeypress (readline.js:184:10)
      at ReadStream.emit (events.js:197:13)
      at emitKeys (internal/readline.js:424:14)
      at emitKeys.next (<anonymous>)
      at ReadStream.onData (readline.js:1071:36)
      at ReadStream.emit (events.js:197:13)
      at addChunk (_stream_readable.js:288:12)

npm manifest: 
  No manifest

yarn manifest: 
  No manifest

Lockfile: 
  No lockfile
